<?xml version="1.0" encoding="UTF-8"?>
<testng-results skipped="0" failed="1" total="4" passed="3">
  <reporter-output>
  </reporter-output>
  <suite name="Suite" duration-ms="67573" started-at="2019-05-27T08:20:13Z" finished-at="2019-05-27T08:21:20Z">
    <groups>
    </groups>
    <test name="Homepage Validation" duration-ms="24309" started-at="2019-05-27T08:20:13Z" finished-at="2019-05-27T08:20:37Z">
      <class name="Academy.HomePage">
        <test-method status="PASS" signature="intializeBrowser()[pri:0, instance:Academy.HomePage@47f6473]" name="intializeBrowser" is-config="true" duration-ms="3837" started-at="2019-05-27T13:50:13Z" finished-at="2019-05-27T13:50:17Z">
          <reporter-output>
          </reporter-output>
        </test-method> <!-- intializeBrowser -->
        <test-method status="PASS" signature="basePageNavigaton(java.lang.String, java.lang.String, java.lang.String)[pri:0, instance:Academy.HomePage@47f6473]" name="basePageNavigaton" duration-ms="13864" started-at="2019-05-27T13:50:17Z" data-provider="getData" finished-at="2019-05-27T13:50:31Z">
          <params>
            <param index="0">
              <value>
                <![CDATA[nonrestricteduser@qw.com]]>
              </value>
            </param>
            <param index="1">
              <value>
                <![CDATA[123456]]>
              </value>
            </param>
            <param index="2">
              <value>
                <![CDATA[Non Restricted user]]>
              </value>
            </param>
          </params>
          <reporter-output>
          </reporter-output>
        </test-method> <!-- basePageNavigaton -->
        <test-method status="PASS" signature="basePageNavigaton(java.lang.String, java.lang.String, java.lang.String)[pri:0, instance:Academy.HomePage@47f6473]" name="basePageNavigaton" duration-ms="6556" started-at="2019-05-27T13:50:31Z" data-provider="getData" finished-at="2019-05-27T13:50:37Z">
          <params>
            <param index="0">
              <value>
                <![CDATA[restricteduser@qw.com]]>
              </value>
            </param>
            <param index="1">
              <value>
                <![CDATA[45678]]>
              </value>
            </param>
            <param index="2">
              <value>
                <![CDATA[Restricted user]]>
              </value>
            </param>
          </params>
          <reporter-output>
          </reporter-output>
        </test-method> <!-- basePageNavigaton -->
        <test-method status="PASS" signature="terminateBrowser()[pri:0, instance:Academy.HomePage@47f6473]" name="terminateBrowser" is-config="true" duration-ms="43" started-at="2019-05-27T13:50:37Z" finished-at="2019-05-27T13:50:37Z">
          <reporter-output>
          </reporter-output>
        </test-method> <!-- terminateBrowser -->
      </class> <!-- Academy.HomePage -->
    </test> <!-- Homepage Validation -->
    <test name="Academy Validation" duration-ms="24055" started-at="2019-05-27T08:20:37Z" finished-at="2019-05-27T08:21:01Z">
      <class name="Academy.ValidateTitle">
        <test-method status="PASS" signature="intializeBrowser()[pri:0, instance:Academy.ValidateTitle@222114ba]" name="intializeBrowser" is-config="true" duration-ms="8653" started-at="2019-05-27T13:50:37Z" finished-at="2019-05-27T13:50:46Z">
          <reporter-output>
          </reporter-output>
        </test-method> <!-- intializeBrowser -->
        <test-method status="FAIL" signature="basePageNavigaton()[pri:0, instance:Academy.ValidateTitle@222114ba]" name="basePageNavigaton" duration-ms="11841" started-at="2019-05-27T13:50:46Z" finished-at="2019-05-27T13:50:58Z">
          <exception class="java.lang.AssertionError">
            <message>
              <![CDATA[expected [FEATURED COURSES123] but found [FEATURED COURSES]]]>
            </message>
            <full-stacktrace>
              <![CDATA[java.lang.AssertionError: expected [FEATURED COURSES123] but found [FEATURED COURSES]
	at org.testng.Assert.fail(Assert.java:94)
	at org.testng.Assert.failNotEquals(Assert.java:513)
	at org.testng.Assert.assertEqualsImpl(Assert.java:135)
	at org.testng.Assert.assertEquals(Assert.java:116)
	at org.testng.Assert.assertEquals(Assert.java:190)
	at org.testng.Assert.assertEquals(Assert.java:200)
	at Academy.ValidateTitle.basePageNavigaton(ValidateTitle.java:39)
	at sun.reflect.NativeMethodAccessorImpl.invoke0(Native Method)
	at sun.reflect.NativeMethodAccessorImpl.invoke(NativeMethodAccessorImpl.java:62)
	at sun.reflect.DelegatingMethodAccessorImpl.invoke(DelegatingMethodAccessorImpl.java:43)
	at java.lang.reflect.Method.invoke(Method.java:498)
	at org.testng.internal.MethodInvocationHelper.invokeMethod(MethodInvocationHelper.java:86)
	at org.testng.internal.Invoker.invokeMethod(Invoker.java:643)
	at org.testng.internal.Invoker.invokeTestMethod(Invoker.java:820)
	at org.testng.internal.Invoker.invokeTestMethods(Invoker.java:1128)
	at org.testng.internal.TestMethodWorker.invokeTestMethods(TestMethodWorker.java:129)
	at org.testng.internal.TestMethodWorker.run(TestMethodWorker.java:112)
	at org.testng.TestRunner.privateRun(TestRunner.java:782)
	at org.testng.TestRunner.run(TestRunner.java:632)
	at org.testng.SuiteRunner.runTest(SuiteRunner.java:366)
	at org.testng.SuiteRunner.runSequentially(SuiteRunner.java:361)
	at org.testng.SuiteRunner.privateRun(SuiteRunner.java:319)
	at org.testng.SuiteRunner.run(SuiteRunner.java:268)
	at org.testng.SuiteRunnerWorker.runSuite(SuiteRunnerWorker.java:52)
	at org.testng.SuiteRunnerWorker.run(SuiteRunnerWorker.java:86)
	at org.testng.TestNG.runSuitesSequentially(TestNG.java:1244)
	at org.testng.TestNG.runSuitesLocally(TestNG.java:1169)
	at org.testng.TestNG.run(TestNG.java:1064)
	at org.apache.maven.surefire.testng.TestNGExecutor.run(TestNGExecutor.java:283)
	at org.apache.maven.surefire.testng.TestNGXmlTestSuite.execute(TestNGXmlTestSuite.java:75)
	at org.apache.maven.surefire.testng.TestNGProvider.invoke(TestNGProvider.java:120)
	at org.apache.maven.surefire.booter.ForkedBooter.invokeProviderInSameClassLoader(ForkedBooter.java:384)
	at org.apache.maven.surefire.booter.ForkedBooter.runSuitesInProcess(ForkedBooter.java:345)
	at org.apache.maven.surefire.booter.ForkedBooter.execute(ForkedBooter.java:126)
	at org.apache.maven.surefire.booter.ForkedBooter.main(ForkedBooter.java:418)
]]>
            </full-stacktrace>
          </exception> <!-- java.lang.AssertionError -->
          <reporter-output>
          </reporter-output>
        </test-method> <!-- basePageNavigaton -->
        <test-method status="PASS" signature="terminateBrowser()[pri:0, instance:Academy.ValidateTitle@222114ba]" name="terminateBrowser" is-config="true" duration-ms="2442" started-at="2019-05-27T13:50:59Z" finished-at="2019-05-27T13:51:01Z">
          <reporter-output>
          </reporter-output>
        </test-method> <!-- terminateBrowser -->
      </class> <!-- Academy.ValidateTitle -->
    </test> <!-- Academy Validation -->
    <test name="Navigation Bar Validation" duration-ms="19141" started-at="2019-05-27T08:21:01Z" finished-at="2019-05-27T08:21:20Z">
      <class name="Academy.ValidateNavigationBar">
        <test-method status="PASS" signature="intializeBrowser()[pri:0, instance:Academy.ValidateNavigationBar@12d4bf7e]" name="intializeBrowser" is-config="true" duration-ms="7882" started-at="2019-05-27T13:51:01Z" finished-at="2019-05-27T13:51:09Z">
          <reporter-output>
          </reporter-output>
        </test-method> <!-- intializeBrowser -->
        <test-method status="PASS" signature="basePageNavigaton()[pri:0, instance:Academy.ValidateNavigationBar@12d4bf7e]" name="basePageNavigaton" duration-ms="8945" started-at="2019-05-27T13:51:09Z" finished-at="2019-05-27T13:51:18Z">
          <reporter-output>
          </reporter-output>
        </test-method> <!-- basePageNavigaton -->
        <test-method status="PASS" signature="terminateBrowser()[pri:0, instance:Academy.ValidateNavigationBar@12d4bf7e]" name="terminateBrowser" is-config="true" duration-ms="2312" started-at="2019-05-27T13:51:18Z" finished-at="2019-05-27T13:51:20Z">
          <reporter-output>
          </reporter-output>
        </test-method> <!-- terminateBrowser -->
      </class> <!-- Academy.ValidateNavigationBar -->
    </test> <!-- Navigation Bar Validation -->
    <test name="Application Validation" duration-ms="0" started-at="2019-05-27T08:21:20Z" finished-at="2019-05-27T08:21:20Z">
    </test> <!-- Application Validation -->
  </suite> <!-- Suite -->
</testng-results>
